# Logfile created on 2014-02-23 21:17:13 -0600 by logger.rb/41954
I, [2014-02-23T21:17:13.814246 #16088]  INFO -- : 0:  i18n (0.6.9) from /Users/edelgado/.rvm/gems/ruby-2.0.0-p353@sample-api/specifications/i18n-0.6.9.gemspec
I, [2014-02-23T21:22:56.792896 #16088]  INFO -- : 0:  minitest (4.7.5) from /Users/edelgado/.rvm/gems/ruby-2.0.0-p353@sample-api/specifications/minitest-4.7.5.gemspec
I, [2014-02-23T21:22:56.793339 #16088]  INFO -- : 0:  multi_json (1.8.4) from /Users/edelgado/.rvm/gems/ruby-2.0.0-p353@sample-api/specifications/multi_json-1.8.4.gemspec
I, [2014-02-23T21:22:56.793670 #16088]  INFO -- : 0:  atomic (1.1.14) from /Users/edelgado/.rvm/gems/ruby-2.0.0-p353@sample-api/specifications/atomic-1.1.14.gemspec
I, [2014-02-23T21:22:56.793935 #16088]  INFO -- : 0:  thread_safe (0.1.3) from /Users/edelgado/.rvm/gems/ruby-2.0.0-p353@sample-api/specifications/thread_safe-0.1.3.gemspec
I, [2014-02-23T21:22:56.794202 #16088]  INFO -- : 0:  tzinfo (0.3.38) from /Users/edelgado/.rvm/gems/ruby-2.0.0-p353@sample-api/specifications/tzinfo-0.3.38.gemspec
I, [2014-02-23T21:22:56.794463 #16088]  INFO -- : 0:  activesupport (4.0.3) from /Users/edelgado/.rvm/gems/ruby-2.0.0-p353@sample-api/specifications/activesupport-4.0.3.gemspec
I, [2014-02-23T21:22:56.794715 #16088]  INFO -- : 0:  descendants_tracker (0.0.3) from /Users/edelgado/.rvm/gems/ruby-2.0.0-p353@sample-api/specifications/descendants_tracker-0.0.3.gemspec
I, [2014-02-23T21:22:56.794969 #16088]  INFO -- : 0:  ice_nine (0.11.0) from /Users/edelgado/.rvm/gems/ruby-2.0.0-p353@sample-api/specifications/ice_nine-0.11.0.gemspec
I, [2014-02-23T21:22:56.795228 #16088]  INFO -- : 0:  axiom-types (0.0.5) from /Users/edelgado/.rvm/gems/ruby-2.0.0-p353@sample-api/specifications/axiom-types-0.0.5.gemspec
I, [2014-02-23T21:22:56.795487 #16088]  INFO -- : 0:  builder (3.2.2) from /Users/edelgado/.rvm/gems/ruby-2.0.0-p353@sample-api/specifications/builder-3.2.2.gemspec
I, [2014-02-23T21:22:56.795743 #16088]  INFO -- : 0:  coercible (1.0.0) from /Users/edelgado/.rvm/gems/ruby-2.0.0-p353@sample-api/specifications/coercible-1.0.0.gemspec
I, [2014-02-23T21:22:56.795998 #16088]  INFO -- : 0:  equalizer (0.0.9) from /Users/edelgado/.rvm/gems/ruby-2.0.0-p353@sample-api/specifications/equalizer-0.0.9.gemspec
I, [2014-02-23T21:22:56.796250 #16088]  INFO -- : 0:  hashie (2.0.5) from /Users/edelgado/.rvm/gems/ruby-2.0.0-p353@sample-api/specifications/hashie-2.0.5.gemspec
I, [2014-02-23T21:22:56.796498 #16088]  INFO -- : 0:  multi_xml (0.5.5) from /Users/edelgado/.rvm/gems/ruby-2.0.0-p353@sample-api/specifications/multi_xml-0.5.5.gemspec
I, [2014-02-23T21:22:56.796748 #16088]  INFO -- : 0:  rack (1.5.2) from /Users/edelgado/.rvm/gems/ruby-2.0.0-p353@sample-api/specifications/rack-1.5.2.gemspec
I, [2014-02-23T21:22:56.797000 #16088]  INFO -- : 0:  rack-accept (0.4.5) from /Users/edelgado/.rvm/gems/ruby-2.0.0-p353@sample-api/specifications/rack-accept-0.4.5.gemspec
I, [2014-02-23T21:22:56.797249 #16088]  INFO -- : 0:  rack-mount (0.8.3) from /Users/edelgado/.rvm/gems/ruby-2.0.0-p353@sample-api/specifications/rack-mount-0.8.3.gemspec
I, [2014-02-23T21:22:56.797498 #16088]  INFO -- : 0:  virtus (1.0.1) from /Users/edelgado/.rvm/gems/ruby-2.0.0-p353@sample-api/specifications/virtus-1.0.1.gemspec
I, [2014-02-23T21:22:56.797746 #16088]  INFO -- : 0:  grape (0.6.1) from /Users/edelgado/.rvm/gems/ruby-2.0.0-p353@sample-api/specifications/grape-0.6.1.gemspec
I, [2014-02-23T21:22:56.797984 #16088]  INFO -- : 0:  bundler (1.5.1) from /Users/edelgado/.rvm/gems/ruby-2.0.0-p353@global/specifications/bundler-1.5.1.gemspec
I, [2014-02-23T21:25:40.006431 #16137]  INFO -- : 0:  i18n (0.6.9) from /Users/edelgado/.rvm/gems/ruby-2.0.0-p353@sample-api/specifications/i18n-0.6.9.gemspec
I, [2014-02-23T21:25:40.006860 #16137]  INFO -- : 0:  minitest (4.7.5) from /Users/edelgado/.rvm/gems/ruby-2.0.0-p353@sample-api/specifications/minitest-4.7.5.gemspec
I, [2014-02-23T21:25:40.007144 #16137]  INFO -- : 0:  multi_json (1.8.4) from /Users/edelgado/.rvm/gems/ruby-2.0.0-p353@sample-api/specifications/multi_json-1.8.4.gemspec
I, [2014-02-23T21:25:40.007402 #16137]  INFO -- : 0:  atomic (1.1.14) from /Users/edelgado/.rvm/gems/ruby-2.0.0-p353@sample-api/specifications/atomic-1.1.14.gemspec
I, [2014-02-23T21:25:40.007673 #16137]  INFO -- : 0:  thread_safe (0.1.3) from /Users/edelgado/.rvm/gems/ruby-2.0.0-p353@sample-api/specifications/thread_safe-0.1.3.gemspec
I, [2014-02-23T21:25:40.008037 #16137]  INFO -- : 0:  tzinfo (0.3.38) from /Users/edelgado/.rvm/gems/ruby-2.0.0-p353@sample-api/specifications/tzinfo-0.3.38.gemspec
I, [2014-02-23T21:25:40.008737 #16137]  INFO -- : 0:  activesupport (4.0.3) from /Users/edelgado/.rvm/gems/ruby-2.0.0-p353@sample-api/specifications/activesupport-4.0.3.gemspec
I, [2014-02-23T21:25:40.009461 #16137]  INFO -- : 0:  descendants_tracker (0.0.3) from /Users/edelgado/.rvm/gems/ruby-2.0.0-p353@sample-api/specifications/descendants_tracker-0.0.3.gemspec
I, [2014-02-23T21:25:40.010188 #16137]  INFO -- : 0:  ice_nine (0.11.0) from /Users/edelgado/.rvm/gems/ruby-2.0.0-p353@sample-api/specifications/ice_nine-0.11.0.gemspec
I, [2014-02-23T21:25:40.010843 #16137]  INFO -- : 0:  axiom-types (0.0.5) from /Users/edelgado/.rvm/gems/ruby-2.0.0-p353@sample-api/specifications/axiom-types-0.0.5.gemspec
I, [2014-02-23T21:25:40.011610 #16137]  INFO -- : 0:  builder (3.2.2) from /Users/edelgado/.rvm/gems/ruby-2.0.0-p353@sample-api/specifications/builder-3.2.2.gemspec
I, [2014-02-23T21:25:40.012295 #16137]  INFO -- : 0:  coercible (1.0.0) from /Users/edelgado/.rvm/gems/ruby-2.0.0-p353@sample-api/specifications/coercible-1.0.0.gemspec
I, [2014-02-23T21:25:40.013085 #16137]  INFO -- : 0:  equalizer (0.0.9) from /Users/edelgado/.rvm/gems/ruby-2.0.0-p353@sample-api/specifications/equalizer-0.0.9.gemspec
I, [2014-02-23T21:25:40.013676 #16137]  INFO -- : 0:  hashie (2.0.5) from /Users/edelgado/.rvm/gems/ruby-2.0.0-p353@sample-api/specifications/hashie-2.0.5.gemspec
I, [2014-02-23T21:25:40.014034 #16137]  INFO -- : 0:  multi_xml (0.5.5) from /Users/edelgado/.rvm/gems/ruby-2.0.0-p353@sample-api/specifications/multi_xml-0.5.5.gemspec
I, [2014-02-23T21:25:40.014307 #16137]  INFO -- : 0:  rack (1.5.2) from /Users/edelgado/.rvm/gems/ruby-2.0.0-p353@sample-api/specifications/rack-1.5.2.gemspec
I, [2014-02-23T21:25:40.014569 #16137]  INFO -- : 0:  rack-accept (0.4.5) from /Users/edelgado/.rvm/gems/ruby-2.0.0-p353@sample-api/specifications/rack-accept-0.4.5.gemspec
I, [2014-02-23T21:25:40.014821 #16137]  INFO -- : 0:  rack-mount (0.8.3) from /Users/edelgado/.rvm/gems/ruby-2.0.0-p353@sample-api/specifications/rack-mount-0.8.3.gemspec
I, [2014-02-23T21:25:40.015071 #16137]  INFO -- : 0:  virtus (1.0.1) from /Users/edelgado/.rvm/gems/ruby-2.0.0-p353@sample-api/specifications/virtus-1.0.1.gemspec
I, [2014-02-23T21:25:40.015319 #16137]  INFO -- : 0:  grape (0.6.1) from /Users/edelgado/.rvm/gems/ruby-2.0.0-p353@sample-api/specifications/grape-0.6.1.gemspec
I, [2014-02-23T21:25:46.180730 #16137]  INFO -- : 0:  puma (2.7.1) from /Users/edelgado/.rvm/gems/ruby-2.0.0-p353@sample-api/specifications/puma-2.7.1.gemspec
I, [2014-02-23T21:25:46.181255 #16137]  INFO -- : 0:  bundler (1.5.1) from /Users/edelgado/.rvm/gems/ruby-2.0.0-p353@global/specifications/bundler-1.5.1.gemspec
I, [2014-02-23T21:42:07.205221 #16392]  INFO -- : 0:  i18n (0.6.9) from /Users/edelgado/.rvm/gems/ruby-2.0.0-p353@sample-api/specifications/i18n-0.6.9.gemspec
I, [2014-02-23T21:42:07.205672 #16392]  INFO -- : 0:  minitest (4.7.5) from /Users/edelgado/.rvm/gems/ruby-2.0.0-p353@sample-api/specifications/minitest-4.7.5.gemspec
I, [2014-02-23T21:42:07.205967 #16392]  INFO -- : 0:  multi_json (1.8.4) from /Users/edelgado/.rvm/gems/ruby-2.0.0-p353@sample-api/specifications/multi_json-1.8.4.gemspec
I, [2014-02-23T21:42:07.206240 #16392]  INFO -- : 0:  atomic (1.1.14) from /Users/edelgado/.rvm/gems/ruby-2.0.0-p353@sample-api/specifications/atomic-1.1.14.gemspec
I, [2014-02-23T21:42:07.206509 #16392]  INFO -- : 0:  thread_safe (0.1.3) from /Users/edelgado/.rvm/gems/ruby-2.0.0-p353@sample-api/specifications/thread_safe-0.1.3.gemspec
I, [2014-02-23T21:42:07.206807 #16392]  INFO -- : 0:  tzinfo (0.3.38) from /Users/edelgado/.rvm/gems/ruby-2.0.0-p353@sample-api/specifications/tzinfo-0.3.38.gemspec
I, [2014-02-23T21:42:07.207110 #16392]  INFO -- : 0:  activesupport (4.0.3) from /Users/edelgado/.rvm/gems/ruby-2.0.0-p353@sample-api/specifications/activesupport-4.0.3.gemspec
I, [2014-02-23T21:42:07.219123 #16392]  INFO -- : 0:  descendants_tracker (0.0.3) from /Users/edelgado/.rvm/gems/ruby-2.0.0-p353@sample-api/specifications/descendants_tracker-0.0.3.gemspec
I, [2014-02-23T21:42:07.219513 #16392]  INFO -- : 0:  ice_nine (0.11.0) from /Users/edelgado/.rvm/gems/ruby-2.0.0-p353@sample-api/specifications/ice_nine-0.11.0.gemspec
I, [2014-02-23T21:42:07.219789 #16392]  INFO -- : 0:  axiom-types (0.0.5) from /Users/edelgado/.rvm/gems/ruby-2.0.0-p353@sample-api/specifications/axiom-types-0.0.5.gemspec
I, [2014-02-23T21:42:07.220082 #16392]  INFO -- : 0:  builder (3.2.2) from /Users/edelgado/.rvm/gems/ruby-2.0.0-p353@sample-api/specifications/builder-3.2.2.gemspec
I, [2014-02-23T21:42:12.869525 #16392]  INFO -- : 0:  coderay (1.1.0) from /Users/edelgado/.rvm/gems/ruby-2.0.0-p353@sample-api/specifications/coderay-1.1.0.gemspec
I, [2014-02-23T21:42:12.870210 #16392]  INFO -- : 0:  coercible (1.0.0) from /Users/edelgado/.rvm/gems/ruby-2.0.0-p353@sample-api/specifications/coercible-1.0.0.gemspec
I, [2014-02-23T21:42:12.870755 #16392]  INFO -- : 0:  equalizer (0.0.9) from /Users/edelgado/.rvm/gems/ruby-2.0.0-p353@sample-api/specifications/equalizer-0.0.9.gemspec
I, [2014-02-23T21:42:12.871213 #16392]  INFO -- : 0:  hashie (2.0.5) from /Users/edelgado/.rvm/gems/ruby-2.0.0-p353@sample-api/specifications/hashie-2.0.5.gemspec
I, [2014-02-23T21:42:12.871517 #16392]  INFO -- : 0:  multi_xml (0.5.5) from /Users/edelgado/.rvm/gems/ruby-2.0.0-p353@sample-api/specifications/multi_xml-0.5.5.gemspec
I, [2014-02-23T21:42:12.871834 #16392]  INFO -- : 0:  rack (1.5.2) from /Users/edelgado/.rvm/gems/ruby-2.0.0-p353@sample-api/specifications/rack-1.5.2.gemspec
I, [2014-02-23T21:42:12.872144 #16392]  INFO -- : 0:  rack-accept (0.4.5) from /Users/edelgado/.rvm/gems/ruby-2.0.0-p353@sample-api/specifications/rack-accept-0.4.5.gemspec
I, [2014-02-23T21:42:12.872457 #16392]  INFO -- : 0:  rack-mount (0.8.3) from /Users/edelgado/.rvm/gems/ruby-2.0.0-p353@sample-api/specifications/rack-mount-0.8.3.gemspec
I, [2014-02-23T21:42:12.872760 #16392]  INFO -- : 0:  virtus (1.0.1) from /Users/edelgado/.rvm/gems/ruby-2.0.0-p353@sample-api/specifications/virtus-1.0.1.gemspec
I, [2014-02-23T21:42:12.873062 #16392]  INFO -- : 0:  grape (0.6.1) from /Users/edelgado/.rvm/gems/ruby-2.0.0-p353@sample-api/specifications/grape-0.6.1.gemspec
I, [2014-02-23T21:42:15.025679 #16392]  INFO -- : 0:  method_source (0.8.2) from /Users/edelgado/.rvm/gems/ruby-2.0.0-p353@sample-api/specifications/method_source-0.8.2.gemspec
I, [2014-02-23T21:42:18.140807 #16392]  INFO -- : 0:  slop (3.4.7) from /Users/edelgado/.rvm/gems/ruby-2.0.0-p353@sample-api/specifications/slop-3.4.7.gemspec
I, [2014-02-23T21:42:24.902848 #16392]  INFO -- : 0:  pry (0.9.12.6) from /Users/edelgado/.rvm/gems/ruby-2.0.0-p353@sample-api/specifications/pry-0.9.12.6.gemspec
I, [2014-02-23T21:42:24.903346 #16392]  INFO -- : 0:  puma (2.7.1) from /Users/edelgado/.rvm/gems/ruby-2.0.0-p353@sample-api/specifications/puma-2.7.1.gemspec
I, [2014-02-23T21:42:24.903651 #16392]  INFO -- : 0:  bundler (1.5.1) from /Users/edelgado/.rvm/gems/ruby-2.0.0-p353@global/specifications/bundler-1.5.1.gemspec
I, [2014-02-23T21:57:56.260481 #16541]  INFO -- : 0:  i18n (0.6.9) from /Users/edelgado/.rvm/gems/ruby-2.0.0-p353@sample-api/specifications/i18n-0.6.9.gemspec
I, [2014-02-23T21:57:56.261205 #16541]  INFO -- : 0:  minitest (4.7.5) from /Users/edelgado/.rvm/gems/ruby-2.0.0-p353@sample-api/specifications/minitest-4.7.5.gemspec
I, [2014-02-23T21:57:56.261649 #16541]  INFO -- : 0:  multi_json (1.8.4) from /Users/edelgado/.rvm/gems/ruby-2.0.0-p353@sample-api/specifications/multi_json-1.8.4.gemspec
I, [2014-02-23T21:57:56.261952 #16541]  INFO -- : 0:  atomic (1.1.14) from /Users/edelgado/.rvm/gems/ruby-2.0.0-p353@sample-api/specifications/atomic-1.1.14.gemspec
I, [2014-02-23T21:57:56.262245 #16541]  INFO -- : 0:  thread_safe (0.1.3) from /Users/edelgado/.rvm/gems/ruby-2.0.0-p353@sample-api/specifications/thread_safe-0.1.3.gemspec
I, [2014-02-23T21:57:56.262533 #16541]  INFO -- : 0:  tzinfo (0.3.38) from /Users/edelgado/.rvm/gems/ruby-2.0.0-p353@sample-api/specifications/tzinfo-0.3.38.gemspec
I, [2014-02-23T21:57:56.262837 #16541]  INFO -- : 0:  activesupport (4.0.3) from /Users/edelgado/.rvm/gems/ruby-2.0.0-p353@sample-api/specifications/activesupport-4.0.3.gemspec
I, [2014-02-23T21:57:56.263119 #16541]  INFO -- : 0:  descendants_tracker (0.0.3) from /Users/edelgado/.rvm/gems/ruby-2.0.0-p353@sample-api/specifications/descendants_tracker-0.0.3.gemspec
I, [2014-02-23T21:57:56.263393 #16541]  INFO -- : 0:  ice_nine (0.11.0) from /Users/edelgado/.rvm/gems/ruby-2.0.0-p353@sample-api/specifications/ice_nine-0.11.0.gemspec
I, [2014-02-23T21:57:56.263660 #16541]  INFO -- : 0:  axiom-types (0.0.5) from /Users/edelgado/.rvm/gems/ruby-2.0.0-p353@sample-api/specifications/axiom-types-0.0.5.gemspec
I, [2014-02-23T21:57:56.263928 #16541]  INFO -- : 0:  builder (3.2.2) from /Users/edelgado/.rvm/gems/ruby-2.0.0-p353@sample-api/specifications/builder-3.2.2.gemspec
I, [2014-02-23T21:57:56.264193 #16541]  INFO -- : 0:  coderay (1.1.0) from /Users/edelgado/.rvm/gems/ruby-2.0.0-p353@sample-api/specifications/coderay-1.1.0.gemspec
I, [2014-02-23T21:57:56.264519 #16541]  INFO -- : 0:  coercible (1.0.0) from /Users/edelgado/.rvm/gems/ruby-2.0.0-p353@sample-api/specifications/coercible-1.0.0.gemspec
I, [2014-02-23T21:57:56.264836 #16541]  INFO -- : 0:  equalizer (0.0.9) from /Users/edelgado/.rvm/gems/ruby-2.0.0-p353@sample-api/specifications/equalizer-0.0.9.gemspec
I, [2014-02-23T21:57:56.265118 #16541]  INFO -- : 0:  hashie (2.0.5) from /Users/edelgado/.rvm/gems/ruby-2.0.0-p353@sample-api/specifications/hashie-2.0.5.gemspec
I, [2014-02-23T21:57:56.265420 #16541]  INFO -- : 0:  multi_xml (0.5.5) from /Users/edelgado/.rvm/gems/ruby-2.0.0-p353@sample-api/specifications/multi_xml-0.5.5.gemspec
I, [2014-02-23T21:57:56.265694 #16541]  INFO -- : 0:  rack (1.5.2) from /Users/edelgado/.rvm/gems/ruby-2.0.0-p353@sample-api/specifications/rack-1.5.2.gemspec
I, [2014-02-23T21:57:56.266060 #16541]  INFO -- : 0:  rack-accept (0.4.5) from /Users/edelgado/.rvm/gems/ruby-2.0.0-p353@sample-api/specifications/rack-accept-0.4.5.gemspec
I, [2014-02-23T21:57:56.266444 #16541]  INFO -- : 0:  rack-mount (0.8.3) from /Users/edelgado/.rvm/gems/ruby-2.0.0-p353@sample-api/specifications/rack-mount-0.8.3.gemspec
I, [2014-02-23T21:57:56.266738 #16541]  INFO -- : 0:  virtus (1.0.1) from /Users/edelgado/.rvm/gems/ruby-2.0.0-p353@sample-api/specifications/virtus-1.0.1.gemspec
I, [2014-02-23T21:57:56.267043 #16541]  INFO -- : 0:  grape (0.6.1) from /Users/edelgado/.rvm/gems/ruby-2.0.0-p353@sample-api/specifications/grape-0.6.1.gemspec
I, [2014-02-23T21:57:59.576957 #16541]  INFO -- : 0:  grape-entity (0.4.1) from /Users/edelgado/.rvm/gems/ruby-2.0.0-p353@sample-api/specifications/grape-entity-0.4.1.gemspec
I, [2014-02-23T21:57:59.577513 #16541]  INFO -- : 0:  method_source (0.8.2) from /Users/edelgado/.rvm/gems/ruby-2.0.0-p353@sample-api/specifications/method_source-0.8.2.gemspec
I, [2014-02-23T21:57:59.577937 #16541]  INFO -- : 0:  slop (3.4.7) from /Users/edelgado/.rvm/gems/ruby-2.0.0-p353@sample-api/specifications/slop-3.4.7.gemspec
I, [2014-02-23T21:57:59.578339 #16541]  INFO -- : 0:  pry (0.9.12.6) from /Users/edelgado/.rvm/gems/ruby-2.0.0-p353@sample-api/specifications/pry-0.9.12.6.gemspec
I, [2014-02-23T21:57:59.578730 #16541]  INFO -- : 0:  puma (2.7.1) from /Users/edelgado/.rvm/gems/ruby-2.0.0-p353@sample-api/specifications/puma-2.7.1.gemspec
I, [2014-02-23T21:57:59.579109 #16541]  INFO -- : 0:  bundler (1.5.1) from /Users/edelgado/.rvm/gems/ruby-2.0.0-p353@global/specifications/bundler-1.5.1.gemspec
I, [2014-02-23T22:31:44.825644 #16962]  INFO -- : 0:  i18n (0.6.9) from /Users/edelgado/.rvm/gems/ruby-2.0.0-p353@sample-api/specifications/i18n-0.6.9.gemspec
I, [2014-02-23T22:31:44.826118 #16962]  INFO -- : 0:  minitest (4.7.5) from /Users/edelgado/.rvm/gems/ruby-2.0.0-p353@sample-api/specifications/minitest-4.7.5.gemspec
I, [2014-02-23T22:31:44.826527 #16962]  INFO -- : 0:  multi_json (1.8.4) from /Users/edelgado/.rvm/gems/ruby-2.0.0-p353@sample-api/specifications/multi_json-1.8.4.gemspec
I, [2014-02-23T22:31:44.827028 #16962]  INFO -- : 0:  atomic (1.1.14) from /Users/edelgado/.rvm/gems/ruby-2.0.0-p353@sample-api/specifications/atomic-1.1.14.gemspec
I, [2014-02-23T22:31:44.827392 #16962]  INFO -- : 0:  thread_safe (0.1.3) from /Users/edelgado/.rvm/gems/ruby-2.0.0-p353@sample-api/specifications/thread_safe-0.1.3.gemspec
I, [2014-02-23T22:31:44.827738 #16962]  INFO -- : 0:  tzinfo (0.3.38) from /Users/edelgado/.rvm/gems/ruby-2.0.0-p353@sample-api/specifications/tzinfo-0.3.38.gemspec
I, [2014-02-23T22:31:44.828095 #16962]  INFO -- : 0:  activesupport (4.0.3) from /Users/edelgado/.rvm/gems/ruby-2.0.0-p353@sample-api/specifications/activesupport-4.0.3.gemspec
I, [2014-02-23T22:31:44.828462 #16962]  INFO -- : 0:  descendants_tracker (0.0.3) from /Users/edelgado/.rvm/gems/ruby-2.0.0-p353@sample-api/specifications/descendants_tracker-0.0.3.gemspec
I, [2014-02-23T22:31:44.828810 #16962]  INFO -- : 0:  ice_nine (0.11.0) from /Users/edelgado/.rvm/gems/ruby-2.0.0-p353@sample-api/specifications/ice_nine-0.11.0.gemspec
I, [2014-02-23T22:31:44.829152 #16962]  INFO -- : 0:  axiom-types (0.0.5) from /Users/edelgado/.rvm/gems/ruby-2.0.0-p353@sample-api/specifications/axiom-types-0.0.5.gemspec
I, [2014-02-23T22:31:44.829509 #16962]  INFO -- : 0:  builder (3.2.2) from /Users/edelgado/.rvm/gems/ruby-2.0.0-p353@sample-api/specifications/builder-3.2.2.gemspec
I, [2014-02-23T22:31:44.829846 #16962]  INFO -- : 0:  coderay (1.1.0) from /Users/edelgado/.rvm/gems/ruby-2.0.0-p353@sample-api/specifications/coderay-1.1.0.gemspec
I, [2014-02-23T22:31:44.830284 #16962]  INFO -- : 0:  coercible (1.0.0) from /Users/edelgado/.rvm/gems/ruby-2.0.0-p353@sample-api/specifications/coercible-1.0.0.gemspec
I, [2014-02-23T22:31:44.830636 #16962]  INFO -- : 0:  equalizer (0.0.9) from /Users/edelgado/.rvm/gems/ruby-2.0.0-p353@sample-api/specifications/equalizer-0.0.9.gemspec
I, [2014-02-23T22:31:44.830985 #16962]  INFO -- : 0:  hashie (2.0.5) from /Users/edelgado/.rvm/gems/ruby-2.0.0-p353@sample-api/specifications/hashie-2.0.5.gemspec
I, [2014-02-23T22:31:44.831403 #16962]  INFO -- : 0:  multi_xml (0.5.5) from /Users/edelgado/.rvm/gems/ruby-2.0.0-p353@sample-api/specifications/multi_xml-0.5.5.gemspec
I, [2014-02-23T22:31:44.831729 #16962]  INFO -- : 0:  rack (1.5.2) from /Users/edelgado/.rvm/gems/ruby-2.0.0-p353@sample-api/specifications/rack-1.5.2.gemspec
I, [2014-02-23T22:31:44.832043 #16962]  INFO -- : 0:  rack-accept (0.4.5) from /Users/edelgado/.rvm/gems/ruby-2.0.0-p353@sample-api/specifications/rack-accept-0.4.5.gemspec
I, [2014-02-23T22:31:44.832361 #16962]  INFO -- : 0:  rack-mount (0.8.3) from /Users/edelgado/.rvm/gems/ruby-2.0.0-p353@sample-api/specifications/rack-mount-0.8.3.gemspec
I, [2014-02-23T22:31:44.832681 #16962]  INFO -- : 0:  virtus (1.0.1) from /Users/edelgado/.rvm/gems/ruby-2.0.0-p353@sample-api/specifications/virtus-1.0.1.gemspec
I, [2014-02-23T22:31:44.832996 #16962]  INFO -- : 0:  grape (0.6.1) from /Users/edelgado/.rvm/gems/ruby-2.0.0-p353@sample-api/specifications/grape-0.6.1.gemspec
I, [2014-02-23T22:31:44.833299 #16962]  INFO -- : 0:  grape-entity (0.4.1) from /Users/edelgado/.rvm/gems/ruby-2.0.0-p353@sample-api/specifications/grape-entity-0.4.1.gemspec
I, [2014-02-23T22:31:44.833611 #16962]  INFO -- : 0:  method_source (0.8.2) from /Users/edelgado/.rvm/gems/ruby-2.0.0-p353@sample-api/specifications/method_source-0.8.2.gemspec
I, [2014-02-23T22:31:44.833918 #16962]  INFO -- : 0:  slop (3.4.7) from /Users/edelgado/.rvm/gems/ruby-2.0.0-p353@sample-api/specifications/slop-3.4.7.gemspec
I, [2014-02-23T22:31:44.834228 #16962]  INFO -- : 0:  pry (0.9.12.6) from /Users/edelgado/.rvm/gems/ruby-2.0.0-p353@sample-api/specifications/pry-0.9.12.6.gemspec
I, [2014-02-23T22:31:44.834534 #16962]  INFO -- : 0:  puma (2.7.1) from /Users/edelgado/.rvm/gems/ruby-2.0.0-p353@sample-api/specifications/puma-2.7.1.gemspec
I, [2014-02-23T22:31:48.988126 #16962]  INFO -- : 0:  redis (3.0.7) from /Users/edelgado/.rvm/gems/ruby-2.0.0-p353@sample-api/specifications/redis-3.0.7.gemspec
I, [2014-02-23T22:31:48.988605 #16962]  INFO -- : 0:  bundler (1.5.1) from /Users/edelgado/.rvm/gems/ruby-2.0.0-p353@global/specifications/bundler-1.5.1.gemspec
I, [2014-02-23T22:37:13.766317 #17008]  INFO -- : 0:  i18n (0.6.9) from /Users/edelgado/.rvm/gems/ruby-2.0.0-p353@sample-api/specifications/i18n-0.6.9.gemspec
I, [2014-02-23T22:37:13.766761 #17008]  INFO -- : 0:  minitest (4.7.5) from /Users/edelgado/.rvm/gems/ruby-2.0.0-p353@sample-api/specifications/minitest-4.7.5.gemspec
I, [2014-02-23T22:37:13.767164 #17008]  INFO -- : 0:  multi_json (1.8.4) from /Users/edelgado/.rvm/gems/ruby-2.0.0-p353@sample-api/specifications/multi_json-1.8.4.gemspec
I, [2014-02-23T22:37:13.767477 #17008]  INFO -- : 0:  atomic (1.1.14) from /Users/edelgado/.rvm/gems/ruby-2.0.0-p353@sample-api/specifications/atomic-1.1.14.gemspec
I, [2014-02-23T22:37:13.767756 #17008]  INFO -- : 0:  thread_safe (0.1.3) from /Users/edelgado/.rvm/gems/ruby-2.0.0-p353@sample-api/specifications/thread_safe-0.1.3.gemspec
I, [2014-02-23T22:37:13.768036 #17008]  INFO -- : 0:  tzinfo (0.3.38) from /Users/edelgado/.rvm/gems/ruby-2.0.0-p353@sample-api/specifications/tzinfo-0.3.38.gemspec
I, [2014-02-23T22:37:13.768317 #17008]  INFO -- : 0:  activesupport (4.0.3) from /Users/edelgado/.rvm/gems/ruby-2.0.0-p353@sample-api/specifications/activesupport-4.0.3.gemspec
I, [2014-02-23T22:37:13.768588 #17008]  INFO -- : 0:  descendants_tracker (0.0.3) from /Users/edelgado/.rvm/gems/ruby-2.0.0-p353@sample-api/specifications/descendants_tracker-0.0.3.gemspec
I, [2014-02-23T22:37:13.768839 #17008]  INFO -- : 0:  ice_nine (0.11.0) from /Users/edelgado/.rvm/gems/ruby-2.0.0-p353@sample-api/specifications/ice_nine-0.11.0.gemspec
I, [2014-02-23T22:37:13.769119 #17008]  INFO -- : 0:  axiom-types (0.0.5) from /Users/edelgado/.rvm/gems/ruby-2.0.0-p353@sample-api/specifications/axiom-types-0.0.5.gemspec
I, [2014-02-23T22:37:13.769388 #17008]  INFO -- : 0:  builder (3.2.2) from /Users/edelgado/.rvm/gems/ruby-2.0.0-p353@sample-api/specifications/builder-3.2.2.gemspec
I, [2014-02-23T22:37:13.769646 #17008]  INFO -- : 0:  coderay (1.1.0) from /Users/edelgado/.rvm/gems/ruby-2.0.0-p353@sample-api/specifications/coderay-1.1.0.gemspec
I, [2014-02-23T22:37:13.769909 #17008]  INFO -- : 0:  coercible (1.0.0) from /Users/edelgado/.rvm/gems/ruby-2.0.0-p353@sample-api/specifications/coercible-1.0.0.gemspec
I, [2014-02-23T22:37:13.770168 #17008]  INFO -- : 0:  equalizer (0.0.9) from /Users/edelgado/.rvm/gems/ruby-2.0.0-p353@sample-api/specifications/equalizer-0.0.9.gemspec
I, [2014-02-23T22:37:13.770412 #17008]  INFO -- : 0:  hashie (2.0.5) from /Users/edelgado/.rvm/gems/ruby-2.0.0-p353@sample-api/specifications/hashie-2.0.5.gemspec
I, [2014-02-23T22:37:13.770671 #17008]  INFO -- : 0:  multi_xml (0.5.5) from /Users/edelgado/.rvm/gems/ruby-2.0.0-p353@sample-api/specifications/multi_xml-0.5.5.gemspec
I, [2014-02-23T22:37:13.770926 #17008]  INFO -- : 0:  rack (1.5.2) from /Users/edelgado/.rvm/gems/ruby-2.0.0-p353@sample-api/specifications/rack-1.5.2.gemspec
I, [2014-02-23T22:37:13.771187 #17008]  INFO -- : 0:  rack-accept (0.4.5) from /Users/edelgado/.rvm/gems/ruby-2.0.0-p353@sample-api/specifications/rack-accept-0.4.5.gemspec
I, [2014-02-23T22:37:13.771469 #17008]  INFO -- : 0:  rack-mount (0.8.3) from /Users/edelgado/.rvm/gems/ruby-2.0.0-p353@sample-api/specifications/rack-mount-0.8.3.gemspec
I, [2014-02-23T22:37:13.771715 #17008]  INFO -- : 0:  virtus (1.0.1) from /Users/edelgado/.rvm/gems/ruby-2.0.0-p353@sample-api/specifications/virtus-1.0.1.gemspec
I, [2014-02-23T22:37:13.772067 #17008]  INFO -- : 0:  grape (0.6.1) from /Users/edelgado/.rvm/gems/ruby-2.0.0-p353@sample-api/specifications/grape-0.6.1.gemspec
I, [2014-02-23T22:37:13.772616 #17008]  INFO -- : 0:  grape-entity (0.4.1) from /Users/edelgado/.rvm/gems/ruby-2.0.0-p353@sample-api/specifications/grape-entity-0.4.1.gemspec
I, [2014-02-23T22:37:13.773232 #17008]  INFO -- : 0:  method_source (0.8.2) from /Users/edelgado/.rvm/gems/ruby-2.0.0-p353@sample-api/specifications/method_source-0.8.2.gemspec
I, [2014-02-23T22:37:13.773852 #17008]  INFO -- : 0:  slop (3.4.7) from /Users/edelgado/.rvm/gems/ruby-2.0.0-p353@sample-api/specifications/slop-3.4.7.gemspec
I, [2014-02-23T22:37:13.774420 #17008]  INFO -- : 0:  pry (0.9.12.6) from /Users/edelgado/.rvm/gems/ruby-2.0.0-p353@sample-api/specifications/pry-0.9.12.6.gemspec
I, [2014-02-23T22:37:13.774952 #17008]  INFO -- : 0:  puma (2.7.1) from /Users/edelgado/.rvm/gems/ruby-2.0.0-p353@sample-api/specifications/puma-2.7.1.gemspec
I, [2014-02-23T22:37:13.775423 #17008]  INFO -- : 0:  redis (3.0.7) from /Users/edelgado/.rvm/gems/ruby-2.0.0-p353@sample-api/specifications/redis-3.0.7.gemspec
I, [2014-02-23T22:37:13.775860 #17008]  INFO -- : 0:  bundler (1.5.1) from /Users/edelgado/.rvm/gems/ruby-2.0.0-p353@global/specifications/bundler-1.5.1.gemspec
